[
   {
      "activity_name": "mytool",
      "activity_uuid": "8168267e-5e2c-4a7d-a27f-f7a1ca9efa13",
      "start": {
         "time_utc": "2020-07-24T09:21:40.994"
      },
      "stop": {
         "time_utc": "2020-07-24T09:21:41.527"
      },
      "system": {
         "ctapipe_version": "0.8.0.post20+git51becae",
         "ctapipe_resources_version": "0.3.0",
         "eventio_version": "1.4.1",
         "ctapipe_svc_path": null,
         "executable": "/home/maxnoe/.local/anaconda3/envs/ctapipe/bin/python",
         "platform": {
            "architecture_bits": "64bit",
            "architecture_linkage": "ELF",
            "machine": "x86_64",
            "processor": "",
            "node": "max-desktop",
            "version": "#1 SMP PREEMPT Thu, 16 Jul 2020 19:34:49 +0000",
            "system": "Linux",
            "release": "5.7.9-arch1-1",
            "libcver": [
               "glibc",
               "2.10"
            ],
            "num_cpus": 8,
            "boot_time": "2020-07-24T07:57:22.000"
         },
         "python": {
            "version_string": "3.7.7 (default, Mar 23 2020, 22:36:06) \n[GCC 7.3.0]",
            "version": [
               "3",
               "7",
               "7"
            ],
            "compiler": "GCC 7.3.0",
            "implementation": "CPython"
         },
         "environment": {
            "CONDA_DEFAULT_ENV": "ctapipe",
            "CONDA_PREFIX": "/home/maxnoe/.local/anaconda3/envs/ctapipe",
            "CONDA_PYTHON_EXE": "/home/maxnoe/.local/anaconda3/bin/python",
            "CONDA_EXE": "/home/maxnoe/.local/anaconda3/bin/conda",
            "CONDA_PROMPT_MODIFIER": "(ctapipe) ",
            "CONDA_SHLVL": "1",
            "PATH": "/home/maxnoe/.local/anaconda3/envs/ctapipe/bin:/home/maxnoe/.local/texlive/2020/bin/x86_64-linux:/home/maxnoe/.local/go/bin:/home/maxnoe/.local/bin:/home/maxnoe/.gem/ruby/2.7.0/bin:/home/maxnoe/.pyenv/shims:/home/maxnoe/.local/bin:/home/maxnoe/.local/texlive/2020/bin/x86_64-linux:/home/maxnoe/.local/go/bin:/home/maxnoe/.local/bin:/home/maxnoe/.gem/ruby/2.7.0/bin:/home/maxnoe/.pyenv/shims:/home/maxnoe/.local/anaconda3/condabin:/home/maxnoe/.local/bin:/usr/local/sbin:/usr/local/bin:/usr/bin:/usr/lib/jvm/default/bin:/usr/bin/site_perl:/usr/bin/vendor_perl:/usr/bin/core_perl",
            "LD_LIBRARY_PATH": null,
            "DYLD_LIBRARY_PATH": null,
            "USER": "maxnoe",
            "HOME": "/home/maxnoe",
            "SHELL": "/bin/zsh"
         },
         "arguments": [
            "/home/maxnoe/.local/anaconda3/envs/ctapipe/lib/python3.7/site-packages/ipykernel_launcher.py",
            "-f",
            "/tmp/tmpaz6gy5fv.json",
            "--HistoryManager.hist_file=:memory:"
         ],
         "start_time_utc": "2020-07-24T09:21:41.020"
      },
      "input": [],
      "output": [],
      "config": {
         "MyTool": {
            "config_file": null,
            "iterations": 5,
            "log_datefmt": "%Y-%m-%d %H:%M:%S",
            "log_format": "%(levelname)s [%(name)s] (%(module)s/%(funcName)s): %(message)s",
            "log_level": 20
         },
         "MyComponent": {
            "value": -1
         },
         "SecondaryMyComponent": {
            "value": -1
         },
         "AdvancedComponent": {
            "infile": null,
            "outfile": null,
            "value1": -1
         },
         "TelescopeWiseComponent": {
            "param": [
               [
                  "type",
                  "*",
                  5.0
               ]
            ]
         }
      },
      "status": "completed",
      "duration_min": 0.008883333333411514
   },
   {
      "activity_name": "mytool",
      "activity_uuid": "a3d65bc6-5ef2-43af-9f7b-d5d96c343a4d",
      "start": {
         "time_utc": "2020-07-24T09:21:41.540"
      },
      "stop": {
         "time_utc": "2020-07-24T09:21:41.872"
      },
      "system": {
         "ctapipe_version": "0.8.0.post20+git51becae",
         "ctapipe_resources_version": "0.3.0",
         "eventio_version": "1.4.1",
         "ctapipe_svc_path": null,
         "executable": "/home/maxnoe/.local/anaconda3/envs/ctapipe/bin/python",
         "platform": {
            "architecture_bits": "64bit",
            "architecture_linkage": "ELF",
            "machine": "x86_64",
            "processor": "",
            "node": "max-desktop",
            "version": "#1 SMP PREEMPT Thu, 16 Jul 2020 19:34:49 +0000",
            "system": "Linux",
            "release": "5.7.9-arch1-1",
            "libcver": [
               "glibc",
               "2.10"
            ],
            "num_cpus": 8,
            "boot_time": "2020-07-24T07:57:22.000"
         },
         "python": {
            "version_string": "3.7.7 (default, Mar 23 2020, 22:36:06) \n[GCC 7.3.0]",
            "version": [
               "3",
               "7",
               "7"
            ],
            "compiler": "GCC 7.3.0",
            "implementation": "CPython"
         },
         "environment": {
            "CONDA_DEFAULT_ENV": "ctapipe",
            "CONDA_PREFIX": "/home/maxnoe/.local/anaconda3/envs/ctapipe",
            "CONDA_PYTHON_EXE": "/home/maxnoe/.local/anaconda3/bin/python",
            "CONDA_EXE": "/home/maxnoe/.local/anaconda3/bin/conda",
            "CONDA_PROMPT_MODIFIER": "(ctapipe) ",
            "CONDA_SHLVL": "1",
            "PATH": "/home/maxnoe/.local/anaconda3/envs/ctapipe/bin:/home/maxnoe/.local/texlive/2020/bin/x86_64-linux:/home/maxnoe/.local/go/bin:/home/maxnoe/.local/bin:/home/maxnoe/.gem/ruby/2.7.0/bin:/home/maxnoe/.pyenv/shims:/home/maxnoe/.local/bin:/home/maxnoe/.local/texlive/2020/bin/x86_64-linux:/home/maxnoe/.local/go/bin:/home/maxnoe/.local/bin:/home/maxnoe/.gem/ruby/2.7.0/bin:/home/maxnoe/.pyenv/shims:/home/maxnoe/.local/anaconda3/condabin:/home/maxnoe/.local/bin:/usr/local/sbin:/usr/local/bin:/usr/bin:/usr/lib/jvm/default/bin:/usr/bin/site_perl:/usr/bin/vendor_perl:/usr/bin/core_perl",
            "LD_LIBRARY_PATH": null,
            "DYLD_LIBRARY_PATH": null,
            "USER": "maxnoe",
            "HOME": "/home/maxnoe",
            "SHELL": "/bin/zsh"
         },
         "arguments": [
            "/home/maxnoe/.local/anaconda3/envs/ctapipe/lib/python3.7/site-packages/ipykernel_launcher.py",
            "-f",
            "/tmp/tmpaz6gy5fv.json",
            "--HistoryManager.hist_file=:memory:"
         ],
         "start_time_utc": "2020-07-24T09:21:41.566"
      },
      "input": [],
      "output": [],
      "config": {
         "MyTool": {
            "config_file": null,
            "iterations": 3,
            "log_datefmt": "%Y-%m-%d %H:%M:%S",
            "log_format": "%(asctime)s : %(levelname)s [%(name)s %(funcName)s] %(message)s",
            "log_level": 20
         },
         "MyComponent": {
            "value": -1
         },
         "SecondaryMyComponent": {
            "value": -1
         },
         "AdvancedComponent": {
            "infile": null,
            "outfile": null,
            "value1": -1
         },
         "TelescopeWiseComponent": {
            "param": [
               [
                  "type",
                  "*",
                  5.0
               ]
            ]
         }
      },
      "status": "completed",
      "duration_min": 0.005533333333449519
   },
   {
      "activity_name": "mytool",
      "activity_uuid": "5fe66c58-6543-43df-9bb1-8c293219ad42",
      "start": {
         "time_utc": "2020-07-24T09:21:41.886"
      },
      "stop": {
         "time_utc": "2020-07-24T09:21:42.221"
      },
      "system": {
         "ctapipe_version": "0.8.0.post20+git51becae",
         "ctapipe_resources_version": "0.3.0",
         "eventio_version": "1.4.1",
         "ctapipe_svc_path": null,
         "executable": "/home/maxnoe/.local/anaconda3/envs/ctapipe/bin/python",
         "platform": {
            "architecture_bits": "64bit",
            "architecture_linkage": "ELF",
            "machine": "x86_64",
            "processor": "",
            "node": "max-desktop",
            "version": "#1 SMP PREEMPT Thu, 16 Jul 2020 19:34:49 +0000",
            "system": "Linux",
            "release": "5.7.9-arch1-1",
            "libcver": [
               "glibc",
               "2.10"
            ],
            "num_cpus": 8,
            "boot_time": "2020-07-24T07:57:22.000"
         },
         "python": {
            "version_string": "3.7.7 (default, Mar 23 2020, 22:36:06) \n[GCC 7.3.0]",
            "version": [
               "3",
               "7",
               "7"
            ],
            "compiler": "GCC 7.3.0",
            "implementation": "CPython"
         },
         "environment": {
            "CONDA_DEFAULT_ENV": "ctapipe",
            "CONDA_PREFIX": "/home/maxnoe/.local/anaconda3/envs/ctapipe",
            "CONDA_PYTHON_EXE": "/home/maxnoe/.local/anaconda3/bin/python",
            "CONDA_EXE": "/home/maxnoe/.local/anaconda3/bin/conda",
            "CONDA_PROMPT_MODIFIER": "(ctapipe) ",
            "CONDA_SHLVL": "1",
            "PATH": "/home/maxnoe/.local/anaconda3/envs/ctapipe/bin:/home/maxnoe/.local/texlive/2020/bin/x86_64-linux:/home/maxnoe/.local/go/bin:/home/maxnoe/.local/bin:/home/maxnoe/.gem/ruby/2.7.0/bin:/home/maxnoe/.pyenv/shims:/home/maxnoe/.local/bin:/home/maxnoe/.local/texlive/2020/bin/x86_64-linux:/home/maxnoe/.local/go/bin:/home/maxnoe/.local/bin:/home/maxnoe/.gem/ruby/2.7.0/bin:/home/maxnoe/.pyenv/shims:/home/maxnoe/.local/anaconda3/condabin:/home/maxnoe/.local/bin:/usr/local/sbin:/usr/local/bin:/usr/bin:/usr/lib/jvm/default/bin:/usr/bin/site_perl:/usr/bin/vendor_perl:/usr/bin/core_perl",
            "LD_LIBRARY_PATH": null,
            "DYLD_LIBRARY_PATH": null,
            "USER": "maxnoe",
            "HOME": "/home/maxnoe",
            "SHELL": "/bin/zsh"
         },
         "arguments": [
            "/home/maxnoe/.local/anaconda3/envs/ctapipe/lib/python3.7/site-packages/ipykernel_launcher.py",
            "-f",
            "/tmp/tmpaz6gy5fv.json",
            "--HistoryManager.hist_file=:memory:"
         ],
         "start_time_utc": "2020-07-24T09:21:41.912"
      },
      "input": [],
      "output": [],
      "config": {
         "MyTool": {
            "config_file": null,
            "iterations": 3,
            "log_datefmt": "%Y-%m-%d %H:%M:%S",
            "log_format": "%(asctime)s : %(levelname)s [%(name)s %(funcName)s] %(message)s",
            "log_level": 10
         },
         "MyComponent": {
            "value": -1
         },
         "SecondaryMyComponent": {
            "value": -1
         },
         "AdvancedComponent": {
            "infile": null,
            "outfile": null,
            "value1": -1
         },
         "TelescopeWiseComponent": {
            "param": [
               [
                  "type",
                  "*",
                  5.0
               ]
            ]
         }
      },
      "status": "completed",
      "duration_min": 0.005583333333269991
   },
   {
      "activity_name": "mytool",
      "activity_uuid": "45c06fe6-670e-414c-83fb-8ca46439b7f4",
      "start": {
         "time_utc": "2020-07-24T09:21:42.240"
      },
      "stop": {
         "time_utc": "2020-07-24T09:21:42.575"
      },
      "system": {
         "ctapipe_version": "0.8.0.post20+git51becae",
         "ctapipe_resources_version": "0.3.0",
         "eventio_version": "1.4.1",
         "ctapipe_svc_path": null,
         "executable": "/home/maxnoe/.local/anaconda3/envs/ctapipe/bin/python",
         "platform": {
            "architecture_bits": "64bit",
            "architecture_linkage": "ELF",
            "machine": "x86_64",
            "processor": "",
            "node": "max-desktop",
            "version": "#1 SMP PREEMPT Thu, 16 Jul 2020 19:34:49 +0000",
            "system": "Linux",
            "release": "5.7.9-arch1-1",
            "libcver": [
               "glibc",
               "2.10"
            ],
            "num_cpus": 8,
            "boot_time": "2020-07-24T07:57:22.000"
         },
         "python": {
            "version_string": "3.7.7 (default, Mar 23 2020, 22:36:06) \n[GCC 7.3.0]",
            "version": [
               "3",
               "7",
               "7"
            ],
            "compiler": "GCC 7.3.0",
            "implementation": "CPython"
         },
         "environment": {
            "CONDA_DEFAULT_ENV": "ctapipe",
            "CONDA_PREFIX": "/home/maxnoe/.local/anaconda3/envs/ctapipe",
            "CONDA_PYTHON_EXE": "/home/maxnoe/.local/anaconda3/bin/python",
            "CONDA_EXE": "/home/maxnoe/.local/anaconda3/bin/conda",
            "CONDA_PROMPT_MODIFIER": "(ctapipe) ",
            "CONDA_SHLVL": "1",
            "PATH": "/home/maxnoe/.local/anaconda3/envs/ctapipe/bin:/home/maxnoe/.local/texlive/2020/bin/x86_64-linux:/home/maxnoe/.local/go/bin:/home/maxnoe/.local/bin:/home/maxnoe/.gem/ruby/2.7.0/bin:/home/maxnoe/.pyenv/shims:/home/maxnoe/.local/bin:/home/maxnoe/.local/texlive/2020/bin/x86_64-linux:/home/maxnoe/.local/go/bin:/home/maxnoe/.local/bin:/home/maxnoe/.gem/ruby/2.7.0/bin:/home/maxnoe/.pyenv/shims:/home/maxnoe/.local/anaconda3/condabin:/home/maxnoe/.local/bin:/usr/local/sbin:/usr/local/bin:/usr/bin:/usr/lib/jvm/default/bin:/usr/bin/site_perl:/usr/bin/vendor_perl:/usr/bin/core_perl",
            "LD_LIBRARY_PATH": null,
            "DYLD_LIBRARY_PATH": null,
            "USER": "maxnoe",
            "HOME": "/home/maxnoe",
            "SHELL": "/bin/zsh"
         },
         "arguments": [
            "/home/maxnoe/.local/anaconda3/envs/ctapipe/lib/python3.7/site-packages/ipykernel_launcher.py",
            "-f",
            "/tmp/tmpaz6gy5fv.json",
            "--HistoryManager.hist_file=:memory:"
         ],
         "start_time_utc": "2020-07-24T09:21:42.266"
      },
      "input": [],
      "output": [],
      "config": {
         "MyTool": {
            "config_file": null,
            "iterations": 3,
            "log_datefmt": "%Y-%m-%d %H:%M:%S",
            "log_format": "%(asctime)s : %(levelname)s [%(name)s %(funcName)s] %(message)s",
            "log_level": 10
         },
         "MyComponent": {
            "value": -1
         },
         "SecondaryMyComponent": {
            "value": -1
         },
         "AdvancedComponent": {
            "infile": null,
            "outfile": null,
            "value1": -1
         },
         "TelescopeWiseComponent": {
            "param": [
               [
                  "type",
                  "*",
                  5.0
               ]
            ]
         }
      },
      "status": "completed",
      "duration_min": 0.005583333333269991
   },
   {
      "activity_name": "mytool",
      "activity_uuid": "c6caed62-c837-4558-aaec-40f33655e9e4",
      "start": {
         "time_utc": "2020-07-24T09:21:42.608"
      },
      "stop": {
         "time_utc": "2020-07-24T09:21:43.146"
      },
      "system": {
         "ctapipe_version": "0.8.0.post20+git51becae",
         "ctapipe_resources_version": "0.3.0",
         "eventio_version": "1.4.1",
         "ctapipe_svc_path": null,
         "executable": "/home/maxnoe/.local/anaconda3/envs/ctapipe/bin/python",
         "platform": {
            "architecture_bits": "64bit",
            "architecture_linkage": "ELF",
            "machine": "x86_64",
            "processor": "",
            "node": "max-desktop",
            "version": "#1 SMP PREEMPT Thu, 16 Jul 2020 19:34:49 +0000",
            "system": "Linux",
            "release": "5.7.9-arch1-1",
            "libcver": [
               "glibc",
               "2.10"
            ],
            "num_cpus": 8,
            "boot_time": "2020-07-24T07:57:22.000"
         },
         "python": {
            "version_string": "3.7.7 (default, Mar 23 2020, 22:36:06) \n[GCC 7.3.0]",
            "version": [
               "3",
               "7",
               "7"
            ],
            "compiler": "GCC 7.3.0",
            "implementation": "CPython"
         },
         "environment": {
            "CONDA_DEFAULT_ENV": "ctapipe",
            "CONDA_PREFIX": "/home/maxnoe/.local/anaconda3/envs/ctapipe",
            "CONDA_PYTHON_EXE": "/home/maxnoe/.local/anaconda3/bin/python",
            "CONDA_EXE": "/home/maxnoe/.local/anaconda3/bin/conda",
            "CONDA_PROMPT_MODIFIER": "(ctapipe) ",
            "CONDA_SHLVL": "1",
            "PATH": "/home/maxnoe/.local/anaconda3/envs/ctapipe/bin:/home/maxnoe/.local/texlive/2020/bin/x86_64-linux:/home/maxnoe/.local/go/bin:/home/maxnoe/.local/bin:/home/maxnoe/.gem/ruby/2.7.0/bin:/home/maxnoe/.pyenv/shims:/home/maxnoe/.local/bin:/home/maxnoe/.local/texlive/2020/bin/x86_64-linux:/home/maxnoe/.local/go/bin:/home/maxnoe/.local/bin:/home/maxnoe/.gem/ruby/2.7.0/bin:/home/maxnoe/.pyenv/shims:/home/maxnoe/.local/anaconda3/condabin:/home/maxnoe/.local/bin:/usr/local/sbin:/usr/local/bin:/usr/bin:/usr/lib/jvm/default/bin:/usr/bin/site_perl:/usr/bin/vendor_perl:/usr/bin/core_perl",
            "LD_LIBRARY_PATH": null,
            "DYLD_LIBRARY_PATH": null,
            "USER": "maxnoe",
            "HOME": "/home/maxnoe",
            "SHELL": "/bin/zsh"
         },
         "arguments": [
            "/home/maxnoe/.local/anaconda3/envs/ctapipe/lib/python3.7/site-packages/ipykernel_launcher.py",
            "-f",
            "/tmp/tmpaz6gy5fv.json",
            "--HistoryManager.hist_file=:memory:"
         ],
         "start_time_utc": "2020-07-24T09:21:42.634"
      },
      "input": [],
      "output": [],
      "config": {
         "MyTool": {
            "config_file": null,
            "iterations": 5,
            "log_datefmt": "%Y-%m-%d %H:%M:%S",
            "log_format": "%(levelname)s [%(name)s] (%(module)s/%(funcName)s): %(message)s",
            "log_level": 10
         },
         "MyComponent": {
            "value": -1
         },
         "SecondaryMyComponent": {
            "value": -1
         },
         "AdvancedComponent": {
            "infile": null,
            "outfile": null,
            "value1": -1
         },
         "TelescopeWiseComponent": {
            "param": [
               [
                  "type",
                  "*",
                  5.0
               ]
            ]
         }
      },
      "status": "completed",
      "duration_min": 0.008966666666765377
   }
]